[2026-04-04 12:58:47] Delegation complete: EXECUTE.md (exit code: 141)
[2026-04-04 12:58:47] WARNING: EXECUTE.md delegation returned non-zero.
[2026-04-04 12:58:47] Step B: Running tests...
[2026-04-04 12:58:47] Running tests...
[2026-04-04 12:58:48] Tests FAILED (exit code: 1)
[2026-04-04 12:58:48] Tests failed — delegating FAIL.md to diagnose and fix...
[2026-04-04 12:58:48] Delegating: FAIL.md
[2026-04-04 12:59:46] Delegation complete: FAIL.md (exit code: 141)
[2026-04-04 12:59:46] Running tests...
[2026-04-04 12:59:46] Tests FAILED (exit code: 1)
[2026-04-04 12:59:46] Tests still failing after FAIL.md — continuing to next iteration.
[2026-04-04 12:59:46] [iteration 1] executed EXECUTE.md + FAIL.md — tests: FAIL (persisted)
[2026-04-04 12:59:46] 
[2026-04-04 12:59:46] === Iteration 2 / 10 ===
[2026-04-04 12:59:46] Step A: Executing next task...
[2026-04-04 12:59:46] Delegating: EXECUTE.md
[2026-04-04 13:24:01] Delegation complete: EXECUTE.md (exit code: 141)
[2026-04-04 13:24:01] WARNING: EXECUTE.md delegation returned non-zero.
[2026-04-04 13:24:01] Step B: Running tests...
[2026-04-04 13:24:01] Running tests...
[2026-04-04 13:24:01] Tests FAILED (exit code: 1)
[2026-04-04 13:24:01] Tests failed — delegating FAIL.md to diagnose and fix...
[2026-04-04 13:24:01] Delegating: FAIL.md
[2026-04-04 13:27:37] Delegation complete: FAIL.md (exit code: 141)
[2026-04-04 13:27:37] Running tests...
[2026-04-04 13:27:37] Tests FAILED (exit code: 1)
[2026-04-04 13:27:37] Tests still failing after FAIL.md — continuing to next iteration.
[2026-04-04 13:27:37] [iteration 2] executed EXECUTE.md + FAIL.md — tests: FAIL (persisted)
[2026-04-04 13:27:37] 
[2026-04-04 13:27:37] === Iteration 3 / 10 ===
[2026-04-04 13:27:37] Step A: Executing next task...
[2026-04-04 13:27:37] Delegating: EXECUTE.md
[2026-04-04 14:41:15] Delegation complete: EXECUTE.md (exit code: 141)
[2026-04-04 14:41:15] WARNING: EXECUTE.md delegation returned non-zero.
[2026-04-04 14:41:15] Step B: Running tests...
[2026-04-04 14:41:15] Running tests...
[2026-04-04 14:41:15] Tests FAILED (exit code: 1)
[2026-04-04 14:41:15] Tests failed — delegating FAIL.md to diagnose and fix...
[2026-04-04 14:41:15] Delegating: FAIL.md
[2026-04-04 14:46:29] Delegation complete: FAIL.md (exit code: 141)
[2026-04-04 14:46:29] Running tests...
[2026-04-04 14:46:29] Tests FAILED (exit code: 1)
[2026-04-04 14:46:29] Tests still failing after FAIL.md — continuing to next iteration.
[2026-04-04 14:46:29] [iteration 3] executed EXECUTE.md + FAIL.md — tests: FAIL (persisted)
[2026-04-04 14:46:29] Step C: Periodic maintenance check (iteration 3)...
[2026-04-04 14:46:29] Complexity violations found: 822 functions exceed thresholds
[2026-04-04 14:46:29]   Complexity violations detected — delegating BREAKDOWN.md...
[2026-04-04 14:46:29] Delegating: BREAKDOWN.md
[2026-04-04 14:56:34] Delegation complete: BREAKDOWN.md (exit code: 141)
[2026-04-04 14:56:34] Running tests...
[2026-04-04 14:56:34] Tests FAILED (exit code: 1)
[2026-04-04 14:56:34]   Tests failed after BREAKDOWN.md — delegating FAIL.md...
[2026-04-04 14:56:34] Delegating: FAIL.md
[2026-04-04 15:24:39] Delegation complete: FAIL.md (exit code: 141)
[2026-04-04 15:24:39] Running tests...
[2026-04-04 15:24:39] Tests FAILED (exit code: 1)
[2026-04-04 15:24:39] [iteration 3] executed BREAKDOWN.md — tests: FAIL
[2026-04-04 15:24:39] 
[2026-04-04 15:24:39] === Iteration 4 / 10 ===
[2026-04-04 15:24:39] Step A: Executing next task...
[2026-04-04 15:24:39] Delegating: EXECUTE.md
[2026-04-04 15:55:35] Delegation complete: EXECUTE.md (exit code: 141)
[2026-04-04 15:55:35] WARNING: EXECUTE.md delegation returned non-zero.
[2026-04-04 15:55:35] Step B: Running tests...
[2026-04-04 15:55:35] Running tests...
[2026-04-04 15:55:35] Tests FAILED (exit code: 1)
[2026-04-04 15:55:35] Tests failed — delegating FAIL.md to diagnose and fix...
[2026-04-04 15:55:35] Delegating: FAIL.md
[2026-04-04 16:04:05] Delegation complete: FAIL.md (exit code: 141)
[2026-04-04 16:04:05] Running tests...
[2026-04-04 16:04:05] Tests FAILED (exit code: 1)
[2026-04-04 16:04:05] Tests still failing after FAIL.md — continuing to next iteration.
[2026-04-04 16:04:05] [iteration 4] executed EXECUTE.md + FAIL.md — tests: FAIL (persisted)
[2026-04-04 16:04:05] 
[2026-04-04 16:04:05] === Iteration 5 / 10 ===
[2026-04-04 16:04:05] Step A: Executing next task...
[2026-04-04 16:04:05] Delegating: EXECUTE.md
